<?xml version="1.0" encoding="utf-8"?><testsuites><testsuite name="pytest" errors="0" failures="0" skipped="0" tests="9" time="0.837" timestamp="2024-07-07T00:06:48.106598" hostname="Office"><testcase classname="tests.unit.test_main" name="test_read_root" time="0.014" /><testcase classname="tests.unit.test_main" name="test_health" time="0.053" /><testcase classname="tests.unit.test_main" name="test_calculate_add" time="0.005" /><testcase classname="tests.unit.test_main" name="test_calculate_subtract" time="0.005" /><testcase classname="tests.unit.test_main" name="test_calculate_multiply" time="0.004" /><testcase classname="tests.unit.test_main" name="test_calculate_divide" time="0.004" /><testcase classname="tests.unit.test_main" name="test_calculate_divide_by_zero" time="0.004" /><testcase classname="tests.unit.test_main" name="test_calculate_invalid_operation" time="0.004" /><testcase classname="tests.unit.test_main" name="test_log_file_and_directory_exist" time="0.004" /></testsuite></testsuites>